<?xml version="1.0" encoding="UTF-8"?>
<!-- Generated by org.testng.reporters.JUnitReportReporter -->
<testsuite skipped="0" hostname="PX10507CAM3W10" name="tests.TestGoogle" tests="1" failures="0" timestamp="2021-05-07T12:25:26 COT" time="0.005" errors="0">
  <testcase name="testGoogle" time="0.005" classname="tests.TestGoogle"/>
  <system-out/>
</testsuite> <!-- tests.TestGoogle -->
